<?xml version="1.0" encoding="UTF-8"?>
<!-- Generated by org.testng.reporters.JUnitReportReporter -->
<testsuite hostname="LAPTOP-61H1A1R7" failures="0" tests="4" name="api.test.UserTest" time="8.331" errors="0" timestamp="2023-07-29T21:11:20 IST" skipped="0">
  <testcase classname="api.test.UserTest" name="validateCreateUser" time="2.788"/>
  <system-out/>
  <testcase classname="api.test.UserTest" name="validateGetUser" time="1.431"/>
  <system-out/>
  <testcase classname="api.test.UserTest" name="validateUpdateUser" time="2.734"/>
  <system-out/>
  <testcase classname="api.test.UserTest" name="validateDeleteUser" time="1.378"/>
  <system-out/>
</testsuite> <!-- api.test.UserTest -->
