<?xml version="1.0" encoding="UTF-8"?>
<!-- Generated by org.testng.reporters.JUnitReportReporter -->
<testsuite hostname="LAPTOP-61H1A1R7" failures="0" tests="4" name="api.test.UserTest" time="8.992" errors="0" timestamp="2023-07-29T21:19:53 IST" skipped="0">
  <testcase classname="api.test.UserTest" name="validateCreateUser" time="3.275"/>
  <system-out/>
  <testcase classname="api.test.UserTest" name="validateGetUser" time="1.518"/>
  <system-out/>
  <testcase classname="api.test.UserTest" name="validateUpdateUser" time="2.697"/>
  <system-out/>
  <testcase classname="api.test.UserTest" name="validateDeleteUser" time="1.502"/>
  <system-out/>
</testsuite> <!-- api.test.UserTest -->
